[2023-09-29T20:06:05.005Z] [org.springframework.boot.StartupInfoLogger] [main] [55] [INFO ] Starting BillingApplication using Java 18 on MSI with PID 20184 (D:\weekly project\Billing\target\classes started by Neeraj verma in D:\weekly project\Billing)
[2023-09-29T20:06:05.005Z] [org.springframework.boot.SpringApplication] [main] [631] [INFO ] No active profile set, falling back to 1 default profile: "default"
[2023-09-29T20:06:06.006Z] [org.springframework.data.repository.config.RepositoryConfigurationDelegate] [main] [132] [INFO ] Bootstrapping Spring Data JPA repositories in DEFAULT mode.
[2023-09-29T20:06:06.006Z] [org.springframework.data.repository.config.RepositoryConfigurationDelegate] [main] [201] [INFO ] Finished Spring Data repository scanning in 31 ms. Found 1 JPA repository interfaces.
[2023-09-29T20:06:06.006Z] [org.springframework.boot.web.embedded.tomcat.TomcatWebServer] [main] [108] [INFO ] Tomcat initialized with port(s): 8083 (http)
[2023-09-29T20:06:06.006Z] [org.apache.juli.logging.DirectJDKLog] [main] [173] [INFO ] Initializing ProtocolHandler ["http-nio-8083"]
[2023-09-29T20:06:06.006Z] [org.apache.juli.logging.DirectJDKLog] [main] [173] [INFO ] Starting service [Tomcat]
[2023-09-29T20:06:06.006Z] [org.apache.juli.logging.DirectJDKLog] [main] [173] [INFO ] Starting Servlet engine: [Apache Tomcat/9.0.79]
[2023-09-29T20:06:07.007Z] [org.apache.juli.logging.DirectJDKLog] [main] [173] [INFO ] Initializing Spring embedded WebApplicationContext
[2023-09-29T20:06:07.007Z] [org.springframework.boot.web.servlet.context.ServletWebServerApplicationContext] [main] [292] [INFO ] Root WebApplicationContext: initialization completed in 1013 ms
[2023-09-29T20:06:07.007Z] [com.zaxxer.hikari.HikariDataSource] [main] [110] [INFO ] HikariPool-1 - Starting...
[2023-09-29T20:06:07.007Z] [com.zaxxer.hikari.HikariDataSource] [main] [123] [INFO ] HikariPool-1 - Start completed.
[2023-09-29T20:06:07.007Z] [org.springframework.boot.autoconfigure.h2.H2ConsoleAutoConfiguration] [main] [98] [INFO ] H2 console available at '/h2-console'. Database available at 'jdbc:h2:mem:testdb'
[2023-09-29T20:06:07.007Z] [org.hibernate.jpa.internal.util.LogHelper] [main] [31] [INFO ] HHH000204: Processing PersistenceUnitInfo [name: default]
[2023-09-29T20:06:07.007Z] [org.hibernate.Version] [main] [44] [INFO ] HHH000412: Hibernate ORM core version 5.6.15.Final
[2023-09-29T20:06:07.007Z] [org.hibernate.annotations.common.reflection.java.JavaReflectionManager] [main] [56] [INFO ] HCANN000001: Hibernate Commons Annotations {5.1.2.Final}
[2023-09-29T20:06:07.007Z] [org.hibernate.dialect.Dialect] [main] [175] [INFO ] HHH000400: Using dialect: org.hibernate.dialect.H2Dialect
[2023-09-29T20:06:07.007Z] [org.hibernate.engine.transaction.jta.platform.internal.JtaPlatformInitiator] [main] [52] [INFO ] HHH000490: Using JtaPlatform implementation: [org.hibernate.engine.transaction.jta.platform.internal.NoJtaPlatform]
[2023-09-29T20:06:07.007Z] [org.springframework.orm.jpa.AbstractEntityManagerFactoryBean] [main] [437] [INFO ] Initialized JPA EntityManagerFactory for persistence unit 'default'
[2023-09-29T20:06:08.008Z] [org.springframework.boot.autoconfigure.orm.jpa.JpaBaseConfiguration$JpaWebConfiguration] [main] [223] [WARN ] spring.jpa.open-in-view is enabled by default. Therefore, database queries may be performed during view rendering. Explicitly configure spring.jpa.open-in-view to disable this warning
[2023-09-29T20:06:08.008Z] [org.apache.juli.logging.DirectJDKLog] [main] [173] [INFO ] Starting ProtocolHandler ["http-nio-8083"]
[2023-09-29T20:06:08.008Z] [org.springframework.boot.web.embedded.tomcat.TomcatWebServer] [main] [220] [INFO ] Tomcat started on port(s): 8083 (http) with context path ''
[2023-09-29T20:06:08.008Z] [org.springframework.boot.StartupInfoLogger] [main] [61] [INFO ] Started BillingApplication in 2.68 seconds (JVM running for 3.012)
[2023-09-29T20:12:00.000Z] [org.apache.juli.logging.DirectJDKLog] [http-nio-8083-exec-2] [173] [INFO ] Initializing Spring DispatcherServlet 'dispatcherServlet'
[2023-09-29T20:12:00.000Z] [org.springframework.web.servlet.FrameworkServlet] [http-nio-8083-exec-2] [525] [INFO ] Initializing Servlet 'dispatcherServlet'
[2023-09-29T20:12:00.000Z] [org.springframework.web.servlet.FrameworkServlet] [http-nio-8083-exec-2] [547] [INFO ] Completed initialization in 1 ms
[2023-09-29T20:12:00.000Z] [com.farmersmart.Billing.Service.BilingService] [http-nio-8083-exec-2] [24] [INFO ] BilingEntity [id=1, customerId=123, name=Neeraj, paymentMode=Paytm, address=pune, phone=9876543212, pincode=411299]
[2023-09-29T20:13:14.014Z] [com.farmersmart.Billing.Service.BilingService] [http-nio-8083-exec-4] [24] [INFO ] BilingEntity [id=1, customerId=123, name=Neeraj, paymentMode=Paytm, address=pune, phone=9876543212, pincode=411299]
[2023-09-29T20:13:24.024Z] [com.farmersmart.Billing.Service.BilingService] [http-nio-8083-exec-5] [24] [INFO ] BilingEntity [id=2, customerId=123, name=raj, paymentMode=Paytm, address=pune, phone=9876543212, pincode=411299]
[2023-09-29T20:15:08.008Z] [com.farmersmart.Billing.Service.BilingService] [http-nio-8083-exec-9] [65] [INFO ] Bill has been deleted successfully
[2023-09-29T20:16:07.007Z] [com.farmersmart.Billing.Service.BilingService] [http-nio-8083-exec-1] [69] [ERROR] Invalid id1
[2023-09-30T06:15:16.016Z] [org.springframework.test.context.support.AbstractTestContextBootstrapper] [main] [305] [INFO ] Neither @ContextConfiguration nor @ContextHierarchy found for test class [com.farmersmart.Billing.BillingApplicationTests], using SpringBootContextLoader
[2023-09-30T06:15:16.016Z] [org.springframework.test.context.support.AbstractContextLoader] [main] [264] [INFO ] Could not detect default resource locations for test class [com.farmersmart.Billing.BillingApplicationTests]: no resource found for suffixes {-context.xml, Context.groovy}.
[2023-09-30T06:15:16.016Z] [org.springframework.test.context.support.AnnotationConfigContextLoaderUtils] [main] [83] [INFO ] Could not detect default configuration classes for test class [com.farmersmart.Billing.BillingApplicationTests]: BillingApplicationTests does not declare any static, non-private, non-final, nested classes annotated with @Configuration.
[2023-09-30T06:15:17.017Z] [org.springframework.boot.test.context.SpringBootTestContextBootstrapper] [main] [239] [INFO ] Found @SpringBootConfiguration com.farmersmart.Billing.BillingApplication for test class com.farmersmart.Billing.BillingApplicationTests
[2023-09-30T06:15:17.017Z] [org.springframework.test.context.support.AbstractTestContextBootstrapper] [main] [245] [INFO ] Loaded default TestExecutionListener class names from location [META-INF/spring.factories]: [org.springframework.boot.test.mock.mockito.MockitoTestExecutionListener, org.springframework.boot.test.mock.mockito.ResetMocksTestExecutionListener, org.springframework.boot.test.autoconfigure.restdocs.RestDocsTestExecutionListener, org.springframework.boot.test.autoconfigure.web.client.MockRestServiceServerResetTestExecutionListener, org.springframework.boot.test.autoconfigure.web.servlet.MockMvcPrintOnlyOnFailureTestExecutionListener, org.springframework.boot.test.autoconfigure.web.servlet.WebDriverTestExecutionListener, org.springframework.boot.test.autoconfigure.webservices.client.MockWebServiceServerTestExecutionListener, org.springframework.test.context.web.ServletTestExecutionListener, org.springframework.test.context.support.DirtiesContextBeforeModesTestExecutionListener, org.springframework.test.context.event.ApplicationEventsTestExecutionListener, org.springframework.test.context.support.DependencyInjectionTestExecutionListener, org.springframework.test.context.support.DirtiesContextTestExecutionListener, org.springframework.test.context.transaction.TransactionalTestExecutionListener, org.springframework.test.context.jdbc.SqlScriptsTestExecutionListener, org.springframework.test.context.event.EventPublishingTestExecutionListener]
[2023-09-30T06:15:17.017Z] [org.springframework.test.context.support.AbstractTestContextBootstrapper] [main] [174] [INFO ] Using TestExecutionListeners: [org.springframework.test.context.web.ServletTestExecutionListener@39a8312f, org.springframework.test.context.support.DirtiesContextBeforeModesTestExecutionListener@5f6722d3, org.springframework.test.context.event.ApplicationEventsTestExecutionListener@2c532cd8, org.springframework.boot.test.mock.mockito.MockitoTestExecutionListener@294e5088, org.springframework.boot.test.autoconfigure.SpringBootDependencyInjectionTestExecutionListener@51972dc7, org.springframework.test.context.support.DirtiesContextTestExecutionListener@3700ec9c, org.springframework.test.context.transaction.TransactionalTestExecutionListener@2002348, org.springframework.test.context.jdbc.SqlScriptsTestExecutionListener@5911e990, org.springframework.test.context.event.EventPublishingTestExecutionListener@31000e60, org.springframework.boot.test.mock.mockito.ResetMocksTestExecutionListener@1d470d0, org.springframework.boot.test.autoconfigure.restdocs.RestDocsTestExecutionListener@24d09c1, org.springframework.boot.test.autoconfigure.web.client.MockRestServiceServerResetTestExecutionListener@54c62d71, org.springframework.boot.test.autoconfigure.web.servlet.MockMvcPrintOnlyOnFailureTestExecutionListener@65045a87, org.springframework.boot.test.autoconfigure.web.servlet.WebDriverTestExecutionListener@47f4e407, org.springframework.boot.test.autoconfigure.webservices.client.MockWebServiceServerTestExecutionListener@2d1dee39]
[2023-09-30T06:15:17.017Z] [org.springframework.boot.StartupInfoLogger] [main] [55] [INFO ] Starting BillingApplicationTests using Java 18 on MSI with PID 12492 (started by Neeraj verma in D:\weekly project\Billing)
[2023-09-30T06:15:17.017Z] [org.springframework.boot.SpringApplication] [main] [631] [INFO ] No active profile set, falling back to 1 default profile: "default"
[2023-09-30T06:15:18.018Z] [org.springframework.data.repository.config.RepositoryConfigurationDelegate] [main] [132] [INFO ] Bootstrapping Spring Data JPA repositories in DEFAULT mode.
[2023-09-30T06:15:18.018Z] [org.springframework.data.repository.config.RepositoryConfigurationDelegate] [main] [201] [INFO ] Finished Spring Data repository scanning in 28 ms. Found 1 JPA repository interfaces.
[2023-09-30T06:15:18.018Z] [com.zaxxer.hikari.HikariDataSource] [main] [110] [INFO ] HikariPool-1 - Starting...
[2023-09-30T06:15:18.018Z] [com.zaxxer.hikari.HikariDataSource] [main] [123] [INFO ] HikariPool-1 - Start completed.
[2023-09-30T06:15:18.018Z] [org.hibernate.jpa.internal.util.LogHelper] [main] [31] [INFO ] HHH000204: Processing PersistenceUnitInfo [name: default]
[2023-09-30T06:15:18.018Z] [org.hibernate.Version] [main] [44] [INFO ] HHH000412: Hibernate ORM core version 5.6.15.Final
[2023-09-30T06:15:19.019Z] [org.hibernate.annotations.common.reflection.java.JavaReflectionManager] [main] [56] [INFO ] HCANN000001: Hibernate Commons Annotations {5.1.2.Final}
[2023-09-30T06:15:19.019Z] [org.hibernate.dialect.Dialect] [main] [175] [INFO ] HHH000400: Using dialect: org.hibernate.dialect.H2Dialect
[2023-09-30T06:15:19.019Z] [org.hibernate.engine.transaction.jta.platform.internal.JtaPlatformInitiator] [main] [52] [INFO ] HHH000490: Using JtaPlatform implementation: [org.hibernate.engine.transaction.jta.platform.internal.NoJtaPlatform]
[2023-09-30T06:15:19.019Z] [org.springframework.orm.jpa.AbstractEntityManagerFactoryBean] [main] [437] [INFO ] Initialized JPA EntityManagerFactory for persistence unit 'default'
[2023-09-30T06:15:20.020Z] [org.springframework.boot.autoconfigure.orm.jpa.JpaBaseConfiguration$JpaWebConfiguration] [main] [223] [WARN ] spring.jpa.open-in-view is enabled by default. Therefore, database queries may be performed during view rendering. Explicitly configure spring.jpa.open-in-view to disable this warning
[2023-09-30T06:15:20.020Z] [org.springframework.boot.autoconfigure.h2.H2ConsoleAutoConfiguration] [main] [98] [INFO ] H2 console available at '/h2-console'. Database available at 'jdbc:h2:mem:testdb'
[2023-09-30T06:15:20.020Z] [org.springframework.boot.StartupInfoLogger] [main] [61] [INFO ] Started BillingApplicationTests in 3.378 seconds (JVM running for 4.123)
[2023-09-30T06:15:20.020Z] [org.springframework.orm.jpa.AbstractEntityManagerFactoryBean] [SpringApplicationShutdownHook] [651] [INFO ] Closing JPA EntityManagerFactory for persistence unit 'default'
[2023-09-30T06:15:20.020Z] [org.hibernate.tool.schema.internal.SchemaDropperImpl$DelayedDropActionImpl] [SpringApplicationShutdownHook] [538] [INFO ] HHH000477: Starting delayed evictData of schema as part of SessionFactory shut-down'
[2023-09-30T06:15:20.020Z] [org.hibernate.engine.jdbc.spi.SqlExceptionHelper] [SpringApplicationShutdownHook] [137] [WARN ] SQL Error: 90121, SQLState: 90121
[2023-09-30T06:15:20.020Z] [org.hibernate.engine.jdbc.spi.SqlExceptionHelper] [SpringApplicationShutdownHook] [142] [ERROR] Database is already closed (to disable automatic closing at VM shutdown, add ";DB_CLOSE_ON_EXIT=FALSE" to the db URL) [90121-214]
[2023-09-30T06:15:20.020Z] [org.hibernate.engine.jdbc.spi.SqlExceptionHelper] [SpringApplicationShutdownHook] [137] [WARN ] SQL Error: 90121, SQLState: 90121
[2023-09-30T06:15:20.020Z] [org.hibernate.engine.jdbc.spi.SqlExceptionHelper] [SpringApplicationShutdownHook] [142] [ERROR] Database is already closed (to disable automatic closing at VM shutdown, add ";DB_CLOSE_ON_EXIT=FALSE" to the db URL) [90121-214]
[2023-09-30T06:15:20.020Z] [org.springframework.beans.factory.support.DisposableBeanAdapter] [SpringApplicationShutdownHook] [224] [WARN ] Invocation of destroy method failed on bean with name 'entityManagerFactory': org.hibernate.exception.JDBCConnectionException: Unable to release JDBC Connection used for DDL execution
[2023-09-30T06:15:20.020Z] [com.zaxxer.hikari.HikariDataSource] [SpringApplicationShutdownHook] [350] [INFO ] HikariPool-1 - Shutdown initiated...
[2023-09-30T06:15:20.020Z] [com.zaxxer.hikari.HikariDataSource] [SpringApplicationShutdownHook] [352] [INFO ] HikariPool-1 - Shutdown completed.
